D:\PROJECK\L2C_PROJECT\L2C_GAME\RELEASE\MAIN.OBJ
D:\PROJECK\L2C_PROJECT\L2C_GAME\RELEASE\VC110.PDB
D:\PROJECK\L2C_PROJECT\RELEASE\L2C_GAME.EXE
D:\PROJECK\L2C_PROJECT\RELEASE\L2C_GAME.PDB
D:\Projeck\L2C_Project\L2C_Game\Release\main.obj
D:\Projeck\L2C_Project\L2C_Game\Release\cl.command.1.tlog
D:\Projeck\L2C_Project\L2C_Game\Release\CL.read.1.tlog
D:\Projeck\L2C_Project\L2C_Game\Release\CL.write.1.tlog
D:\Projeck\L2C_Project\L2C_Game\Release\link-cvtres.read.1.tlog
D:\Projeck\L2C_Project\L2C_Game\Release\link-cvtres.write.1.tlog
D:\Projeck\L2C_Project\L2C_Game\Release\link-rc.read.1.tlog
D:\Projeck\L2C_Project\L2C_Game\Release\link-rc.write.1.tlog
D:\Projeck\L2C_Project\L2C_Game\Release\link.command.1.tlog
D:\Projeck\L2C_Project\L2C_Game\Release\link.read.1.tlog
D:\Projeck\L2C_Project\L2C_Game\Release\link.read.3.tlog
D:\Projeck\L2C_Project\L2C_Game\Release\link.read.5.tlog
D:\Projeck\L2C_Project\L2C_Game\Release\link.write.1.tlog
D:\Projeck\L2C_Project\L2C_Game\Release\vc110.pdb
D:\Projeck\L2C_Project\Release\L2C_Game.pdb
D:\Projeck\L2C_Project\Release\L2C_Game.exe
