D:\PROJECK\L2C_PROJECTHF\PATCH\RELEASE\MAINDLL.OBJ
D:\PROJECK\L2C_PROJECTHF\PATCH\RELEASE\VC110.PDB
D:\PROJECK\L2C_PROJECTHF\RELEASE\PATCH.DLL
D:\PROJECK\L2C_PROJECTHF\RELEASE\PATCH.PDB
D:\Projeck\L2C_ProjectHF\Release\Patch.lib
D:\Projeck\L2C_ProjectHF\Release\Patch.exp
D:\Projeck\L2C_ProjectHF\Patch\Release\mainDll.obj
D:\Projeck\L2C_ProjectHF\Patch\Release\cl.command.1.tlog
D:\Projeck\L2C_ProjectHF\Patch\Release\CL.read.1.tlog
D:\Projeck\L2C_ProjectHF\Patch\Release\CL.write.1.tlog
D:\Projeck\L2C_ProjectHF\Patch\Release\link-cvtres.read.1.tlog
D:\Projeck\L2C_ProjectHF\Patch\Release\link-cvtres.write.1.tlog
D:\Projeck\L2C_ProjectHF\Patch\Release\link-rc.read.1.tlog
D:\Projeck\L2C_ProjectHF\Patch\Release\link-rc.write.1.tlog
D:\Projeck\L2C_ProjectHF\Patch\Release\link.command.1.tlog
D:\Projeck\L2C_ProjectHF\Patch\Release\link.read.1.tlog
D:\Projeck\L2C_ProjectHF\Patch\Release\link.write.1.tlog
D:\Projeck\L2C_ProjectHF\Patch\Release\Patch.write.1.tlog
D:\Projeck\L2C_ProjectHF\Patch\Release\vc110.pdb
D:\Projeck\L2C_ProjectHF\Release\DSETUP.dll
