D:\PROJECK\L2C_PROJECT\L2C_PROJECT\RELEASE\MAIN.OBJ
D:\PROJECK\L2C_PROJECT\L2C_PROJECT\RELEASE\VC110.PDB
D:\PROJECK\L2C_PROJECT\RELEASE\L2C_LOGIN.EXE
D:\PROJECK\L2C_PROJECT\RELEASE\L2C_LOGIN.PDB
D:\Projeck\L2C_Project\L2C_Project\Release\main.obj
D:\Projeck\L2C_Project\L2C_Project\Release\cl.command.1.tlog
D:\Projeck\L2C_Project\L2C_Project\Release\CL.read.1.tlog
D:\Projeck\L2C_Project\L2C_Project\Release\CL.write.1.tlog
D:\Projeck\L2C_Project\L2C_Project\Release\link-cvtres.read.1.tlog
D:\Projeck\L2C_Project\L2C_Project\Release\link-cvtres.write.1.tlog
D:\Projeck\L2C_Project\L2C_Project\Release\link-rc.read.1.tlog
D:\Projeck\L2C_Project\L2C_Project\Release\link-rc.write.1.tlog
D:\Projeck\L2C_Project\L2C_Project\Release\link.command.1.tlog
D:\Projeck\L2C_Project\L2C_Project\Release\link.read.1.tlog
D:\Projeck\L2C_Project\L2C_Project\Release\link.read.2.tlog
D:\Projeck\L2C_Project\L2C_Project\Release\link.read.5.tlog
D:\Projeck\L2C_Project\L2C_Project\Release\link.write.1.tlog
D:\Projeck\L2C_Project\L2C_Project\Release\vc110.pdb
D:\Projeck\L2C_Project\Release\L2C_Login.pdb
D:\Projeck\L2C_Project\Release\L2C_Login.exe
